<?xml version="1.0" encoding="UTF-8"?>
<testng-results skipped="0" failed="0" ignored="0" total="1" passed="1">
  <reporter-output>
  </reporter-output>
  <suite name="Default suite" duration-ms="6188" started-at="2022-06-28T17:46:53 CDT" finished-at="2022-06-28T17:46:59 CDT">
    <groups>
    </groups>
    <test name="Default test" duration-ms="6188" started-at="2022-06-28T17:46:53 CDT" finished-at="2022-06-28T17:46:59 CDT">
      <class name="test.LoginTest">
        <test-method status="PASS" signature="validUserShouldAbleToLogin()[pri:0, instance:test.LoginTest@233795b6]" name="validUserShouldAbleToLogin" duration-ms="6130" started-at="2022-06-28T17:46:53 CDT" finished-at="2022-06-28T17:46:59 CDT">
          <reporter-output>
          </reporter-output>
        </test-method> <!-- validUserShouldAbleToLogin -->
      </class> <!-- test.LoginTest -->
    </test> <!-- Default test -->
  </suite> <!-- Default suite -->
</testng-results>
